<?xml version="1.0" encoding="UTF-8"?>
<testsuite xmlns:xsi="http://www.w3.org/2001/XMLSchema-instance" xsi:noNamespaceSchemaLocation="https://maven.apache.org/surefire/maven-surefire-plugin/xsd/surefire-test-report.xsd" name="BDD.Cucumber.TestRunner" time="19.688" tests="2" errors="0" skipped="0" failures="0">
  <properties>
[...]
</properties>
  <testcase name="runScenario" classname="BDD.Cucumber.TestRunner" time="9.944"/>
  <testcase name="runScenario" classname="BDD.Cucumber.TestRunner" time="5.387"/>
</testsuite>